[debug] [2022-10-10T22:43:03.681Z] ----------------------------------------------------------------------
[debug] [2022-10-10T22:43:03.682Z] Command:       /usr/local/bin/node /usr/local/bin/firebase deploy
[debug] [2022-10-10T22:43:03.682Z] CLI Version:   11.14.1
[debug] [2022-10-10T22:43:03.682Z] Platform:      darwin
[debug] [2022-10-10T22:43:03.682Z] Node Version:  v16.16.0
[debug] [2022-10-10T22:43:03.687Z] Time:          Mon Oct 10 2022 19:43:03 GMT-0300 (Horário Padrão de Brasília)
[debug] [2022-10-10T22:43:03.687Z] ----------------------------------------------------------------------
[debug] 
[debug] [2022-10-10T22:43:03.719Z] > command requires scopes: ["email","openid","https://www.googleapis.com/auth/cloudplatformprojects.readonly","https://www.googleapis.com/auth/firebase","https://www.googleapis.com/auth/cloud-platform"]
[debug] [2022-10-10T22:43:03.719Z] > authorizing via signed-in user (contatomiqueiasfernandes@gmail.com)
[debug] [2022-10-10T22:43:03.719Z] [iam] checking project geneapp-55cf9 for permissions ["firebase.projects.get","firebasehosting.sites.update"]
[debug] [2022-10-10T22:43:03.721Z] >>> [apiv2][query] POST https://cloudresourcemanager.googleapis.com/v1/projects/geneapp-55cf9:testIamPermissions [none]
[debug] [2022-10-10T22:43:03.721Z] >>> [apiv2][(partial)header] POST https://cloudresourcemanager.googleapis.com/v1/projects/geneapp-55cf9:testIamPermissions x-goog-quota-user=projects/geneapp-55cf9
[debug] [2022-10-10T22:43:03.721Z] >>> [apiv2][body] POST https://cloudresourcemanager.googleapis.com/v1/projects/geneapp-55cf9:testIamPermissions {"permissions":["firebase.projects.get","firebasehosting.sites.update"]}
[debug] [2022-10-10T22:43:04.687Z] <<< [apiv2][status] POST https://cloudresourcemanager.googleapis.com/v1/projects/geneapp-55cf9:testIamPermissions 200
[debug] [2022-10-10T22:43:04.687Z] <<< [apiv2][body] POST https://cloudresourcemanager.googleapis.com/v1/projects/geneapp-55cf9:testIamPermissions {"permissions":["firebase.projects.get","firebasehosting.sites.update"]}
[debug] [2022-10-10T22:43:04.689Z] >>> [apiv2][query] GET https://firebase.googleapis.com/v1beta1/projects/geneapp-55cf9 [none]
[debug] [2022-10-10T22:43:05.797Z] <<< [apiv2][status] GET https://firebase.googleapis.com/v1beta1/projects/geneapp-55cf9 200
[debug] [2022-10-10T22:43:05.797Z] <<< [apiv2][body] GET https://firebase.googleapis.com/v1beta1/projects/geneapp-55cf9 {"projectId":"geneapp-55cf9","projectNumber":"738472872889","displayName":"GeneAPP","name":"projects/geneapp-55cf9","resources":{"hostingSite":"geneapp-55cf9"},"state":"ACTIVE","etag":"1_e0a1897c-e345-45b5-bae7-da4e1971dbef"}
[info] 
[info] === Deploying to 'geneapp-55cf9'...
[info] 
[info] i  deploying hosting 
[debug] [2022-10-10T22:43:05.799Z] >>> [apiv2][query] POST https://firebasehosting.googleapis.com/v1beta1/projects/-/sites/geneapp-55cf9/versions [none]
[debug] [2022-10-10T22:43:05.799Z] >>> [apiv2][body] POST https://firebasehosting.googleapis.com/v1beta1/projects/-/sites/geneapp-55cf9/versions {"status":"CREATED","labels":{"deployment-tool":"cli-firebase"}}
[debug] [2022-10-10T22:43:07.165Z] <<< [apiv2][status] POST https://firebasehosting.googleapis.com/v1beta1/projects/-/sites/geneapp-55cf9/versions 200
[debug] [2022-10-10T22:43:07.165Z] <<< [apiv2][body] POST https://firebasehosting.googleapis.com/v1beta1/projects/-/sites/geneapp-55cf9/versions {"name":"projects/738472872889/sites/geneapp-55cf9/versions/8b393f052536bd29","status":"CREATED","config":{},"labels":{"deployment-tool":"cli-firebase"}}
[info] i  hosting[geneapp-55cf9]: beginning deploy... 
[info] i  hosting[geneapp-55cf9]: found 20 files in dist 
[debug] [2022-10-10T22:43:07.178Z] [hosting] uploading with 200 concurrency
[debug] [2022-10-10T22:43:07.220Z] [hosting] hash cache [ZGlzdA] stored for 20 files
[debug] [2022-10-10T22:43:07.220Z] [hosting][hash queue][FINAL] {"max":34,"min":11,"avg":16.1,"active":0,"complete":20,"success":20,"errored":0,"retried":0,"total":20,"elapsed":39}
[debug] [2022-10-10T22:43:07.221Z] >>> [apiv2][query] POST https://firebasehosting.googleapis.com/v1beta1/projects/738472872889/sites/geneapp-55cf9/versions/8b393f052536bd29:populateFiles [none]
[debug] [2022-10-10T22:43:07.221Z] >>> [apiv2][body] POST https://firebasehosting.googleapis.com/v1beta1/projects/738472872889/sites/geneapp-55cf9/versions/8b393f052536bd29:populateFiles {"files":{"/favicon.ico":"1241eff2a084c989466545a231ff31214c945e11462e44a94bd190a0d1c5f49a","/assets/about.35d258a4.js":"be8cbedf4170a2f67943503302ecca5497d23c63b37ca369bd32aaf3f45a2203","/robots.txt":"d792ff9bd0f7512886c4bc0478cb4e820f1fb828feac53aae54fba626f13bf19","/assets/index.e772dbe6.js":"fea8a5bfc07a18c4deb2b17a99f4bc0953d30965df811568117b811234bcef56","/favicon.png":"4a2d501be0bc5e6d935527f2ab82a608015bf58d5aa9621a44ba493e5e8341b1","/index.html":"abf7545cf69797b14f10b68a439a5a2a3391d8d581d11e33bf83881b6ca92db0","/assets/index.eec3a0de.css":"54fe2365a6397e897b7393783b28f0989d29c40af03fd22df864083af3e60287","/assets/route-block.6a611cbf.js":"c38609f3bc9e865ebe6d4136c7ccffc1858e33cf81ac664a1d232f724347a752","/assets/_...404_.24cfe2f9.js":"ae6d5d4c5f7b80afdc31c6489bdb99c84fa0ad203ec64fdc87e710ae50218ac9","/data/Generate_AS_data.ipynb":"f139373b1bc8724c0307a959682fc56bb102b6c9317fd0789e9c317b76aac7a3","/assets/start.60b68d3e.js":"718849e82a101acd2bf0d5d047d9b9bbd2750747e5a61132bc4aca31221089b0","/font/inter.css":"7372e138f946dc4ea83f81eeecd8afd1b1d0bde62283095546377044663d0b7d","/data/as_data_gen.sh.zip":"4623703f583de415ec9f3af490d8821ade2ad34da91d44471410c111578961cc","/assets/new.010a1e25.js":"76ea2ab3444617ea53cd5a10429bae2700cadeb1efe006054776ee79fa9991ed","/assets/index.21df6256.js":"0ab2fbee65dfd8481e934e08432aa41dc52ff9d0e50aa06563e2c38ab472a5f6","/data/as_data_gen.sh":"3106ad8ad52e3d318e9942e830cee88d41da886b1bd3799912d1cc4df0f590fd","/font/Inter-roman.var.woff2":"cf71d43de934f524b6ef430c6e3fa930eda98dcc1aa38508d2cebf7e4a1aaa28","/font/Inter-italic.var.woff2":"366e69c9ef385e3000e3e3853e1879576302fb1b8e5a1acbadf14be324866c44","/img/asexp.png":"14f888c1e2f6af555d2524209200b1fba5ccbaa7171a30f04b0341b5ba26db7a","/img/datagen.png":"47840f97fad128c8dcb23e1fed2038e7b7c4f91e1cb431a3e5da38d277276db6"}}
